Scaling of: scapp_users-daemon to 3 replicas.
scapp_users-daemon scaled to 3
overall progress: 0 out of 3 tasks
1/3:  
2/3:  
3/3:  
overall progress: 1 out of 3 tasks
overall progress: 1 out of 3 tasks
overall progress: 1 out of 3 tasks
overall progress: 1 out of 3 tasks
overall progress: 1 out of 3 tasks
overall progress: 1 out of 3 tasks
overall progress: 1 out of 3 tasks
overall progress: 1 out of 3 tasks
overall progress: 2 out of 3 tasks
overall progress: 3 out of 3 tasks
verify: Waiting 5 seconds to verify that tasks are stable...
verify: Waiting 5 seconds to verify that tasks are stable...
verify: Waiting 5 seconds to verify that tasks are stable...
verify: Waiting 5 seconds to verify that tasks are stable...
verify: Waiting 5 seconds to verify that tasks are stable...
verify: Waiting 4 seconds to verify that tasks are stable...
verify: Waiting 4 seconds to verify that tasks are stable...
verify: Waiting 4 seconds to verify that tasks are stable...
verify: Waiting 4 seconds to verify that tasks are stable...
verify: Waiting 4 seconds to verify that tasks are stable...
verify: Waiting 3 seconds to verify that tasks are stable...
verify: Waiting 3 seconds to verify that tasks are stable...
verify: Waiting 3 seconds to verify that tasks are stable...
verify: Waiting 3 seconds to verify that tasks are stable...
verify: Waiting 2 seconds to verify that tasks are stable...
verify: Waiting 2 seconds to verify that tasks are stable...
verify: Waiting 2 seconds to verify that tasks are stable...
verify: Waiting 2 seconds to verify that tasks are stable...
verify: Waiting 2 seconds to verify that tasks are stable...
verify: Waiting 1 seconds to verify that tasks are stable...
verify: Waiting 1 seconds to verify that tasks are stable...
verify: Waiting 1 seconds to verify that tasks are stable...
verify: Waiting 1 seconds to verify that tasks are stable...
verify: Waiting 1 seconds to verify that tasks are stable...
verify: Service converged
Scaling of: scapp_users-daemon to 9 replicas.
scapp_users-daemon scaled to 9
overall progress: 0 out of 9 tasks
1/9:  
2/9:  
3/9:  
4/9:  
5/9:  
6/9:  
7/9:  
8/9:  
9/9:  
overall progress: 3 out of 9 tasks
overall progress: 3 out of 9 tasks
overall progress: 3 out of 9 tasks
overall progress: 3 out of 9 tasks
overall progress: 3 out of 9 tasks
overall progress: 3 out of 9 tasks
overall progress: 3 out of 9 tasks
overall progress: 3 out of 9 tasks
overall progress: 3 out of 9 tasks
overall progress: 3 out of 9 tasks
overall progress: 3 out of 9 tasks
overall progress: 3 out of 9 tasks
overall progress: 3 out of 9 tasks
overall progress: 3 out of 9 tasks
overall progress: 3 out of 9 tasks
overall progress: 3 out of 9 tasks
overall progress: 3 out of 9 tasks
overall progress: 3 out of 9 tasks
overall progress: 3 out of 9 tasks
overall progress: 6 out of 9 tasks
overall progress: 6 out of 9 tasks
overall progress: 6 out of 9 tasks
overall progress: 6 out of 9 tasks
overall progress: 6 out of 9 tasks
overall progress: 6 out of 9 tasks
overall progress: 6 out of 9 tasks
overall progress: 6 out of 9 tasks
overall progress: 6 out of 9 tasks
overall progress: 6 out of 9 tasks
overall progress: 9 out of 9 tasks
verify: Waiting 5 seconds to verify that tasks are stable...
verify: Waiting 5 seconds to verify that tasks are stable...
verify: Waiting 5 seconds to verify that tasks are stable...
verify: Waiting 5 seconds to verify that tasks are stable...
verify: Waiting 5 seconds to verify that tasks are stable...
verify: Waiting 4 seconds to verify that tasks are stable...
verify: Waiting 4 seconds to verify that tasks are stable...
verify: Waiting 4 seconds to verify that tasks are stable...
verify: Waiting 4 seconds to verify that tasks are stable...
verify: Waiting 4 seconds to verify that tasks are stable...
verify: Waiting 3 seconds to verify that tasks are stable...
verify: Waiting 3 seconds to verify that tasks are stable...
verify: Waiting 3 seconds to verify that tasks are stable...
verify: Waiting 3 seconds to verify that tasks are stable...
verify: Waiting 2 seconds to verify that tasks are stable...
verify: Waiting 2 seconds to verify that tasks are stable...
verify: Waiting 2 seconds to verify that tasks are stable...
verify: Waiting 2 seconds to verify that tasks are stable...
verify: Waiting 2 seconds to verify that tasks are stable...
verify: Waiting 1 seconds to verify that tasks are stable...
verify: Waiting 1 seconds to verify that tasks are stable...
verify: Waiting 1 seconds to verify that tasks are stable...
verify: Waiting 1 seconds to verify that tasks are stable...
verify: Waiting 1 seconds to verify that tasks are stable...
verify: Service converged
Reducing for service scapp_users-daemon to 3 replicas.
scapp_users-daemon scaled to 3
overall progress: 0 out of 3 tasks
1/3:  
2/3:  
3/3:  
overall progress: 9 out of 3 tasks
overall progress: 3 out of 3 tasks
verify: Waiting 5 seconds to verify that tasks are stable...
verify: Waiting 5 seconds to verify that tasks are stable...
verify: Waiting 5 seconds to verify that tasks are stable...
verify: Waiting 5 seconds to verify that tasks are stable...
verify: Waiting 5 seconds to verify that tasks are stable...
verify: Waiting 4 seconds to verify that tasks are stable...
verify: Waiting 4 seconds to verify that tasks are stable...
verify: Waiting 4 seconds to verify that tasks are stable...
verify: Waiting 4 seconds to verify that tasks are stable...
verify: Waiting 4 seconds to verify that tasks are stable...
verify: Waiting 3 seconds to verify that tasks are stable...
verify: Waiting 3 seconds to verify that tasks are stable...
verify: Waiting 3 seconds to verify that tasks are stable...
verify: Waiting 3 seconds to verify that tasks are stable...
verify: Waiting 2 seconds to verify that tasks are stable...
verify: Waiting 2 seconds to verify that tasks are stable...
verify: Waiting 2 seconds to verify that tasks are stable...
verify: Waiting 2 seconds to verify that tasks are stable...
verify: Waiting 2 seconds to verify that tasks are stable...
verify: Waiting 1 seconds to verify that tasks are stable...
verify: Waiting 1 seconds to verify that tasks are stable...
verify: Waiting 1 seconds to verify that tasks are stable...
verify: Waiting 1 seconds to verify that tasks are stable...
verify: Service converged
